Jamia-mergesprint2_ARL/sprint/build/app/intermediates/manifest_merge_blame_file/debug/manifest-merger-blame-debug-report.txt
1<?xml version="1.0" encoding="utf-8"?>
2<manifest xmlns:android="http://schemas.android.com/apk/res/android"
3    package="com.example.sprint"
4    android:versionCode="1"
5    android:versionName="1.0.0" >
6
7    <uses-sdk
8        android:minSdkVersion="21"
9        android:targetSdkVersion="31" />
10    <!--
11         The INTERNET permission is required for development. Specifically,
12         the Flutter tool needs it to communicate with the running application
13         to allow setting breakpoints, to provide hot reload, etc.
14    -->
15    <uses-permission android:name="android.permission.INTERNET" />
15-->src\debug\AndroidManifest.xml:7:5-66
15-->src\debug\AndroidManifest.xml:7:22-64
16    <uses-permission android:name="android.permission.WAKE_LOCK" />
16-->[:firebase_messaging] AndroidManifest.xml:8:5-68
16-->[:firebase_messaging] AndroidManifest.xml:8:22-65
17    <uses-permission android:name="android.permission.ACCESS_NETWORK_STATE" /> <!-- Permissions options for the `notification` group -->
17-->[:firebase_messaging] AndroidManifest.xml:9:5-79
17-->[:firebase_messaging] AndroidManifest.xml:9:22-76
18    <uses-permission android:name="android.permission.POST_NOTIFICATIONS" />
18-->[:firebase_messaging] AndroidManifest.xml:11:5-77
18-->[:firebase_messaging] AndroidManifest.xml:11:22-74
19    <uses-permission android:name="android.permission.RECEIVE_BOOT_COMPLETED" />
19-->[:awesome_notifications] AndroidManifest.xml:7:5-81
19-->[:awesome_notifications] AndroidManifest.xml:7:22-78
20    <uses-permission android:name="android.permission.VIBRATE" />
20-->[:awesome_notifications] AndroidManifest.xml:8:5-66
20-->[:awesome_notifications] AndroidManifest.xml:8:22-63
21    <uses-permission android:name="android.permission.USE_FULL_SCREEN_INTENT" />
21-->[:flutter_local_notifications] AndroidManifest.xml:9:5-81
21-->[:flutter_local_notifications] AndroidManifest.xml:9:22-78
22    <uses-permission android:name="android.permission.SCHEDULE_EXACT_ALARM" /> <!-- See https://developer.android.com/training/package-visibility/declaring for more details. -->
22-->[:flutter_local_notifications] AndroidManifest.xml:10:5-79
22-->[:flutter_local_notifications] AndroidManifest.xml:10:22-76
23    <queries>
23-->[com.stripe:financial-connections:20.12.0] AndroidManifest.xml:12:5-20:15
24
25        <!-- Added to check the default browser that will host the AuthFlow. -->
26        <intent>
26-->[com.stripe:financial-connections:20.12.0] AndroidManifest.xml:15:9-19:18
27            <action android:name="android.intent.action.VIEW" />
27-->[com.stripe:financial-connections:20.12.0] AndroidManifest.xml:16:13-65
27-->[com.stripe:financial-connections:20.12.0] AndroidManifest.xml:16:21-62
28
29            <data android:scheme="http" />
29-->[com.stripe:financial-connections:20.12.0] AndroidManifest.xml:18:13-43
29-->[com.stripe:financial-connections:20.12.0] AndroidManifest.xml:18:19-40
30        </intent>
31        <!-- Added to check if Chrome is installed for browser-based payment authentication (e.g. 3DS1). -->
32        <package android:name="com.android.chrome" /> <!-- Needs to be explicitly declared on Android R+ -->
32-->[com.stripe:payments-core:20.12.0] AndroidManifest.xml:13:9-54
32-->[com.stripe:payments-core:20.12.0] AndroidManifest.xml:13:18-51
33        <package android:name="com.google.android.apps.maps" />
33-->[com.google.android.gms:play-services-maps:18.0.2] AndroidManifest.xml:33:9-64
33-->[com.google.android.gms:play-services-maps:18.0.2] AndroidManifest.xml:33:18-61
34    </queries> <!-- Required by older versions of Google Play services to create IID tokens -->
35    <uses-permission android:name="com.google.android.c2dm.permission.RECEIVE" />
35-->[com.google.firebase:firebase-messaging:23.0.7] AndroidManifest.xml:29:5-82
35-->[com.google.firebase:firebase-messaging:23.0.7] AndroidManifest.xml:29:22-79
36
37    <uses-feature
37-->[com.google.android.gms:play-services-maps:18.0.2] AndroidManifest.xml:26:5-28:35
38        android:glEsVersion="0x00020000"
38-->[com.google.android.gms:play-services-maps:18.0.2] AndroidManifest.xml:27:9-41
39        android:required="true" />
39-->[com.google.android.gms:play-services-maps:18.0.2] AndroidManifest.xml:28:9-32
40
41    <permission
41-->[androidx.core:core:1.9.0] AndroidManifest.xml:22:5-24:47
42        android:name="com.example.sprint.DYNAMIC_RECEIVER_NOT_EXPORTED_PERMISSION"
42-->[androidx.core:core:1.9.0] AndroidManifest.xml:23:9-81
43        android:protectionLevel="signature" />
43-->[androidx.core:core:1.9.0] AndroidManifest.xml:24:9-44
44
45    <uses-permission android:name="com.example.sprint.DYNAMIC_RECEIVER_NOT_EXPORTED_PERMISSION" /> <!-- for android -->
45-->[androidx.core:core:1.9.0] AndroidManifest.xml:26:5-97
45-->[androidx.core:core:1.9.0] AndroidManifest.xml:26:22-94
46    <!-- <uses-permission android:name="com.android.launcher.permission.READ_SETTINGS"/> -->
47    <!-- <uses-permission android:name="com.android.launcher.permission.WRITE_SETTINGS"/> -->
48    <!-- <uses-permission android:name="com.android.launcher.permission.INSTALL_SHORTCUT" /> -->
49    <!-- <uses-permission android:name="com.android.launcher.permission.UNINSTALL_SHORTCUT" /> -->
50    <!-- for Samsung -->
51    <uses-permission android:name="com.sec.android.provider.badge.permission.READ" />
51-->[me.leolin:ShortcutBadger:1.1.22] AndroidManifest.xml:19:5-86
51-->[me.leolin:ShortcutBadger:1.1.22] AndroidManifest.xml:19:22-83
52    <uses-permission android:name="com.sec.android.provider.badge.permission.WRITE" /> <!-- for htc -->
52-->[me.leolin:ShortcutBadger:1.1.22] AndroidManifest.xml:20:5-87
52-->[me.leolin:ShortcutBadger:1.1.22] AndroidManifest.xml:20:22-84
53    <uses-permission android:name="com.htc.launcher.permission.READ_SETTINGS" />
53-->[me.leolin:ShortcutBadger:1.1.22] AndroidManifest.xml:23:5-81
53-->[me.leolin:ShortcutBadger:1.1.22] AndroidManifest.xml:23:22-78
54    <uses-permission android:name="com.htc.launcher.permission.UPDATE_SHORTCUT" /> <!-- for sony -->
54-->[me.leolin:ShortcutBadger:1.1.22] AndroidManifest.xml:24:5-83
54-->[me.leolin:ShortcutBadger:1.1.22] AndroidManifest.xml:24:22-80
55    <uses-permission android:name="com.sonyericsson.home.permission.BROADCAST_BADGE" />
55-->[me.leolin:ShortcutBadger:1.1.22] AndroidManifest.xml:27:5-88
55-->[me.leolin:ShortcutBadger:1.1.22] AndroidManifest.xml:27:22-85
56    <uses-permission android:name="com.sonymobile.home.permission.PROVIDER_INSERT_BADGE" /> <!-- for apex -->
56-->[me.leolin:ShortcutBadger:1.1.22] AndroidManifest.xml:28:5-92
56-->[me.leolin:ShortcutBadger:1.1.22] AndroidManifest.xml:28:22-89
57    <uses-permission android:name="com.anddoes.launcher.permission.UPDATE_COUNT" /> <!-- for solid -->
57-->[me.leolin:ShortcutBadger:1.1.22] AndroidManifest.xml:31:5-84
57-->[me.leolin:ShortcutBadger:1.1.22] AndroidManifest.xml:31:22-81
58    <uses-permission android:name="com.majeur.launcher.permission.UPDATE_BADGE" /> <!-- for huawei -->
58-->[me.leolin:ShortcutBadger:1.1.22] AndroidManifest.xml:34:5-83
58-->[me.leolin:ShortcutBadger:1.1.22] AndroidManifest.xml:34:22-80
59    <uses-permission android:name="com.huawei.android.launcher.permission.CHANGE_BADGE" />
59-->[me.leolin:ShortcutBadger:1.1.22] AndroidManifest.xml:37:5-91
59-->[me.leolin:ShortcutBadger:1.1.22] AndroidManifest.xml:37:22-88
60    <uses-permission android:name="com.huawei.android.launcher.permission.READ_SETTINGS" />
60-->[me.leolin:ShortcutBadger:1.1.22] AndroidManifest.xml:38:5-92
60-->[me.leolin:ShortcutBadger:1.1.22] AndroidManifest.xml:38:22-89
61    <uses-permission android:name="com.huawei.android.launcher.permission.WRITE_SETTINGS" /> <!-- for ZUK -->
61-->[me.leolin:ShortcutBadger:1.1.22] AndroidManifest.xml:39:5-93
61-->[me.leolin:ShortcutBadger:1.1.22] AndroidManifest.xml:39:22-90
62    <uses-permission android:name="android.permission.READ_APP_BADGE" /> <!-- for OPPO -->
62-->[me.leolin:ShortcutBadger:1.1.22] AndroidManifest.xml:42:5-73
62-->[me.leolin:ShortcutBadger:1.1.22] AndroidManifest.xml:42:22-70
63    <uses-permission android:name="com.oppo.launcher.permission.READ_SETTINGS" />
63-->[me.leolin:ShortcutBadger:1.1.22] AndroidManifest.xml:45:5-82
63-->[me.leolin:ShortcutBadger:1.1.22] AndroidManifest.xml:45:22-79
64    <uses-permission android:name="com.oppo.launcher.permission.WRITE_SETTINGS" /> <!-- for EvMe -->
64-->[me.leolin:ShortcutBadger:1.1.22] AndroidManifest.xml:46:5-83
64-->[me.leolin:ShortcutBadger:1.1.22] AndroidManifest.xml:46:22-80
65    <uses-permission android:name="me.everything.badger.permission.BADGE_COUNT_READ" />
65-->[me.leolin:ShortcutBadger:1.1.22] AndroidManifest.xml:49:5-88
65-->[me.leolin:ShortcutBadger:1.1.22] AndroidManifest.xml:49:22-85
66    <uses-permission android:name="me.everything.badger.permission.BADGE_COUNT_WRITE" />
66-->[me.leolin:ShortcutBadger:1.1.22] AndroidManifest.xml:50:5-89
66-->[me.leolin:ShortcutBadger:1.1.22] AndroidManifest.xml:50:22-86
67
68    <application
69        android:name="io.flutter.app.FlutterMultiDexApplication"
70        android:appComponentFactory="androidx.core.app.CoreComponentFactory"
70-->[androidx.core:core:1.9.0] AndroidManifest.xml:28:18-86
71        android:debuggable="true"
72        android:icon="@mipmap/launcher_icon"
73        android:label="جمعية" >
74        <activity
75            android:name="com.example.sprint.MainActivity"
76            android:configChanges="orientation|keyboardHidden|keyboard|screenSize|smallestScreenSize|locale|layoutDirection|fontScale|screenLayout|density|uiMode"
77            android:exported="true"
78            android:hardwareAccelerated="true"
79            android:launchMode="singleTop"
80            android:theme="@style/LaunchTheme"
81            android:windowSoftInputMode="adjustResize" >
82
83            <!--
84                 Specifies an Android theme to apply to this Activity as soon as
85                 the Android process has started. This theme is visible to the user
86                 while the Flutter UI initializes. After that, this theme continues
87                 to determine the Window background behind the Flutter UI.
88            -->
89            <meta-data
90                android:name="io.flutter.embedding.android.NormalTheme"
91                android:resource="@style/NormalTheme" />
92
93            <intent-filter>
94                <action android:name="android.intent.action.MAIN" />
95
96                <category android:name="android.intent.category.LAUNCHER" />
97            </intent-filter>
98        </activity>
99        <!--
100             Don't delete the meta-data below.
101             This is used by the Flutter tool to generate GeneratedPluginRegistrant.java
102        -->
103        <meta-data
104            android:name="flutterEmbedding"
105            android:value="2" />
106
107        <service
107-->[:firebase_auth] AndroidManifest.xml:8:9-12:19
108            android:name="com.google.firebase.components.ComponentDiscoveryService"
108-->[:firebase_auth] AndroidManifest.xml:8:18-89
109            android:directBootAware="true"
109-->[com.google.firebase:firebase-common:20.1.1] AndroidManifest.xml:35:13-43
110            android:exported="false" >
110-->[com.google.firebase:firebase-messaging:23.0.7] AndroidManifest.xml:55:13-37
111            <meta-data
111-->[:firebase_auth] AndroidManifest.xml:9:13-11:85
112                android:name="com.google.firebase.components:io.flutter.plugins.firebase.auth.FlutterFirebaseAuthRegistrar"
112-->[:firebase_auth] AndroidManifest.xml:10:17-124
113                android:value="com.google.firebase.components.ComponentRegistrar" />
113-->[:firebase_auth] AndroidManifest.xml:11:17-82
114            <meta-data
114-->[:firebase_storage] AndroidManifest.xml:9:13-11:85
115                android:name="com.google.firebase.components:io.flutter.plugins.firebase.storage.FlutterFirebaseAppRegistrar"
115-->[:firebase_storage] AndroidManifest.xml:10:17-126
116                android:value="com.google.firebase.components.ComponentRegistrar" />
116-->[:firebase_storage] AndroidManifest.xml:11:17-82
117            <meta-data
117-->[:cloud_firestore] AndroidManifest.xml:9:13-11:85
118                android:name="com.google.firebase.components:io.flutter.plugins.firebase.firestore.FlutterFirebaseFirestoreRegistrar"
118-->[:cloud_firestore] AndroidManifest.xml:10:17-134
119                android:value="com.google.firebase.components.ComponentRegistrar" />
119-->[:cloud_firestore] AndroidManifest.xml:11:17-82
120            <meta-data
120-->[:firebase_messaging] AndroidManifest.xml:36:13-38:85
121                android:name="com.google.firebase.components:io.flutter.plugins.firebase.messaging.FlutterFirebaseAppRegistrar"
121-->[:firebase_messaging] AndroidManifest.xml:37:17-128
122                android:value="com.google.firebase.components.ComponentRegistrar" />
122-->[:firebase_messaging] AndroidManifest.xml:38:17-82
123            <meta-data
123-->[:firebase_core] AndroidManifest.xml:9:13-11:85
124                android:name="com.google.firebase.components:io.flutter.plugins.firebase.core.FlutterFirebaseCoreRegistrar"
124-->[:firebase_core] AndroidManifest.xml:10:17-124
125                android:value="com.google.firebase.components.ComponentRegistrar" />
125-->[:firebase_core] AndroidManifest.xml:11:17-82
126            <meta-data
126-->[com.google.firebase:firebase-messaging:23.0.7] AndroidManifest.xml:56:13-58:85
127                android:name="com.google.firebase.components:com.google.firebase.messaging.FirebaseMessagingRegistrar"
127-->[com.google.firebase:firebase-messaging:23.0.7] AndroidManifest.xml:57:17-119
128                android:value="com.google.firebase.components.ComponentRegistrar" />
128-->[com.google.firebase:firebase-messaging:23.0.7] AndroidManifest.xml:58:17-82
129            <meta-data
129-->[com.google.firebase:firebase-auth:21.0.7] AndroidManifest.xml:67:13-69:85
130                android:name="com.google.firebase.components:com.google.firebase.auth.FirebaseAuthRegistrar"
130-->[com.google.firebase:firebase-auth:21.0.7] AndroidManifest.xml:68:17-109
131                android:value="com.google.firebase.components.ComponentRegistrar" />
131-->[com.google.firebase:firebase-auth:21.0.7] AndroidManifest.xml:69:17-82
132            <meta-data
132-->[com.google.firebase:firebase-firestore:24.2.2] AndroidManifest.xml:20:13-22:85
133                android:name="com.google.firebase.components:com.google.firebase.firestore.FirestoreRegistrar"
133-->[com.google.firebase:firebase-firestore:24.2.2] AndroidManifest.xml:21:17-111
134                android:value="com.google.firebase.components.ComponentRegistrar" />
134-->[com.google.firebase:firebase-firestore:24.2.2] AndroidManifest.xml:22:17-82
135            <meta-data
135-->[com.google.firebase:firebase-storage:20.0.1] AndroidManifest.xml:33:13-35:85
136                android:name="com.google.firebase.components:com.google.firebase.storage.StorageRegistrar"
136-->[com.google.firebase:firebase-storage:20.0.1] AndroidManifest.xml:34:17-107
137                android:value="com.google.firebase.components.ComponentRegistrar" />
137-->[com.google.firebase:firebase-storage:20.0.1] AndroidManifest.xml:35:17-82
138            <meta-data
138-->[com.google.firebase:firebase-datatransport:18.1.5] AndroidManifest.xml:28:13-30:85
139                android:name="com.google.firebase.components:com.google.firebase.datatransport.TransportRegistrar"
139-->[com.google.firebase:firebase-datatransport:18.1.5] AndroidManifest.xml:29:17-115
140                android:value="com.google.firebase.components.ComponentRegistrar" />
140-->[com.google.firebase:firebase-datatransport:18.1.5] AndroidManifest.xml:30:17-82
141            <meta-data
141-->[com.google.firebase:firebase-installations:17.0.1] AndroidManifest.xml:18:13-20:85
142                android:name="com.google.firebase.components:com.google.firebase.installations.FirebaseInstallationsRegistrar"
142-->[com.google.firebase:firebase-installations:17.0.1] AndroidManifest.xml:19:17-127
143                android:value="com.google.firebase.components.ComponentRegistrar" />
143-->[com.google.firebase:firebase-installations:17.0.1] AndroidManifest.xml:20:17-82
144        </service>
145        <service
145-->[:firebase_messaging] AndroidManifest.xml:14:9-17:72
146            android:name="io.flutter.plugins.firebase.messaging.FlutterFirebaseMessagingBackgroundService"
146-->[:firebase_messaging] AndroidManifest.xml:15:13-107
147            android:exported="false"
147-->[:firebase_messaging] AndroidManifest.xml:16:13-37
148            android:permission="android.permission.BIND_JOB_SERVICE" />
148-->[:firebase_messaging] AndroidManifest.xml:17:13-69
149        <service
149-->[:firebase_messaging] AndroidManifest.xml:18:9-24:19
150            android:name="io.flutter.plugins.firebase.messaging.FlutterFirebaseMessagingService"
150-->[:firebase_messaging] AndroidManifest.xml:19:13-97
151            android:exported="false" >
151-->[:firebase_messaging] AndroidManifest.xml:20:13-37
152            <intent-filter>
152-->[:firebase_messaging] AndroidManifest.xml:21:13-23:29
153                <action android:name="com.google.firebase.MESSAGING_EVENT" />
153-->[:firebase_messaging] AndroidManifest.xml:22:17-78
153-->[:firebase_messaging] AndroidManifest.xml:22:25-75
154            </intent-filter>
155        </service>
156
157        <receiver
157-->[:firebase_messaging] AndroidManifest.xml:26:9-33:20
158            android:name="io.flutter.plugins.firebase.messaging.FlutterFirebaseMessagingReceiver"
158-->[:firebase_messaging] AndroidManifest.xml:27:13-98
159            android:exported="true"
159-->[:firebase_messaging] AndroidManifest.xml:28:13-36
160            android:permission="com.google.android.c2dm.permission.SEND" >
160-->[:firebase_messaging] AndroidManifest.xml:29:13-73
161            <intent-filter>
161-->[:firebase_messaging] AndroidManifest.xml:30:13-32:29
162                <action android:name="com.google.android.c2dm.intent.RECEIVE" />
162-->[:firebase_messaging] AndroidManifest.xml:31:17-81
162-->[:firebase_messaging] AndroidManifest.xml:31:25-78
163            </intent-filter>
164        </receiver>
165
166        <provider
166-->[:firebase_messaging] AndroidManifest.xml:41:9-45:38
167            android:name="io.flutter.plugins.firebase.messaging.FlutterFirebaseMessagingInitProvider"
167-->[:firebase_messaging] AndroidManifest.xml:42:13-102
168            android:authorities="com.example.sprint.flutterfirebasemessaginginitprovider"
168-->[:firebase_messaging] AndroidManifest.xml:43:13-88
169            android:exported="false"
169-->[:firebase_messaging] AndroidManifest.xml:44:13-37
170            android:initOrder="99" />
170-->[:firebase_messaging] AndroidManifest.xml:45:13-35
171        <provider
171-->[:image_picker_android] AndroidManifest.xml:8:9-16:20
172            android:name="io.flutter.plugins.imagepicker.ImagePickerFileProvider"
172-->[:image_picker_android] AndroidManifest.xml:9:13-82
173            android:authorities="com.example.sprint.flutter.image_provider"
173-->[:image_picker_android] AndroidManifest.xml:10:13-74
174            android:exported="false"
174-->[:image_picker_android] AndroidManifest.xml:11:13-37
175            android:grantUriPermissions="true" >
175-->[:image_picker_android] AndroidManifest.xml:12:13-47
176            <meta-data
176-->[:image_picker_android] AndroidManifest.xml:13:13-15:75
177                android:name="android.support.FILE_PROVIDER_PATHS"
177-->[:image_picker_android] AndroidManifest.xml:14:17-67
178                android:resource="@xml/flutter_image_picker_file_paths" />
178-->[:image_picker_android] AndroidManifest.xml:15:17-72
179        </provider>
180
181        <receiver
181-->[:awesome_notifications] AndroidManifest.xml:11:9-13:40
182            android:name="me.carda.awesome_notifications.notifications.broadcastReceivers.DismissedNotificationReceiver"
182-->[:awesome_notifications] AndroidManifest.xml:12:13-121
183            android:exported="false" />
183-->[:awesome_notifications] AndroidManifest.xml:13:13-37
184        <receiver
184-->[:awesome_notifications] AndroidManifest.xml:14:9-16:40
185            android:name="me.carda.awesome_notifications.notifications.broadcastReceivers.ScheduledNotificationReceiver"
185-->[:awesome_notifications] AndroidManifest.xml:15:13-121
186            android:exported="false" />
186-->[:awesome_notifications] AndroidManifest.xml:16:13-37
187        <receiver
187-->[:awesome_notifications] AndroidManifest.xml:17:9-19:40
188            android:name="me.carda.awesome_notifications.notifications.broadcastReceivers.KeepOnTopActionReceiver"
188-->[:awesome_notifications] AndroidManifest.xml:18:13-115
189            android:exported="false" />
189-->[:awesome_notifications] AndroidManifest.xml:19:13-37
190        <receiver
190-->[:awesome_notifications] AndroidManifest.xml:20:9-33:20
191            android:name="me.carda.awesome_notifications.notifications.broadcastReceivers.RefreshSchedulesReceiver"
191-->[:awesome_notifications] AndroidManifest.xml:21:13-116
192            android:exported="false" >
192-->[:awesome_notifications] AndroidManifest.xml:22:13-37
193            <intent-filter>
193-->[:awesome_notifications] AndroidManifest.xml:23:13-32:29
194                <category android:name="android.intent.category.DEFAULT" />
194-->[:awesome_notifications] AndroidManifest.xml:24:17-76
194-->[:awesome_notifications] AndroidManifest.xml:24:27-73
195
196                <action android:name="android.intent.action.BOOT_COMPLETED" />
196-->[:awesome_notifications] AndroidManifest.xml:26:17-79
196-->[:awesome_notifications] AndroidManifest.xml:26:25-76
197                <action android:name="android.intent.action.LOCKED_BOOT_COMPLETED" />
197-->[:awesome_notifications] AndroidManifest.xml:27:17-86
197-->[:awesome_notifications] AndroidManifest.xml:27:25-83
198                <action android:name="android.intent.action.MY_PACKAGE_REPLACED" />
198-->[:awesome_notifications] AndroidManifest.xml:28:17-84
198-->[:awesome_notifications] AndroidManifest.xml:28:25-81
199                <action android:name="android.intent.action.QUICKBOOT_POWERON" />
199-->[:awesome_notifications] AndroidManifest.xml:29:17-82
199-->[:awesome_notifications] AndroidManifest.xml:29:25-79
200                <action android:name="com.htc.intent.action.QUICKBOOT_POWERON" />
200-->[:awesome_notifications] AndroidManifest.xml:30:17-82
200-->[:awesome_notifications] AndroidManifest.xml:30:25-79
201                <action android:name="android.app.action.SCHEDULE_EXACT_ALARM_PERMISSION_STATE_CHANGED" />
201-->[:awesome_notifications] AndroidManifest.xml:31:17-107
201-->[:awesome_notifications] AndroidManifest.xml:31:25-104
202            </intent-filter>
203        </receiver>
204        <receiver
204-->[:flutter_local_notifications] AndroidManifest.xml:14:9-16:40
205            android:name="com.dexterous.flutterlocalnotifications.ActionBroadcastReceiver"
205-->[:flutter_local_notifications] AndroidManifest.xml:15:13-91
206            android:exported="false" />
206-->[:flutter_local_notifications] AndroidManifest.xml:16:13-37
207        <receiver
207-->[:flutter_local_notifications] AndroidManifest.xml:17:9-19:40
208            android:name="com.dexterous.flutterlocalnotifications.ScheduledNotificationReceiver"
208-->[:flutter_local_notifications] AndroidManifest.xml:18:13-97
209            android:exported="false" />
209-->[:flutter_local_notifications] AndroidManifest.xml:19:13-37
210        <receiver
210-->[:flutter_local_notifications] AndroidManifest.xml:20:9-29:20
211            android:name="com.dexterous.flutterlocalnotifications.ScheduledNotificationBootReceiver"
211-->[:flutter_local_notifications] AndroidManifest.xml:21:13-101
212            android:exported="false" >
212-->[:flutter_local_notifications] AndroidManifest.xml:22:13-37
213            <intent-filter>
213-->[:flutter_local_notifications] AndroidManifest.xml:23:13-28:29
214                <action android:name="android.intent.action.BOOT_COMPLETED" />
214-->[:awesome_notifications] AndroidManifest.xml:26:17-79
214-->[:awesome_notifications] AndroidManifest.xml:26:25-76
215                <action android:name="android.intent.action.MY_PACKAGE_REPLACED" />
215-->[:awesome_notifications] AndroidManifest.xml:28:17-84
215-->[:awesome_notifications] AndroidManifest.xml:28:25-81
216                <action android:name="android.intent.action.QUICKBOOT_POWERON" />
216-->[:awesome_notifications] AndroidManifest.xml:29:17-82
216-->[:awesome_notifications] AndroidManifest.xml:29:25-79
217                <action android:name="com.htc.intent.action.QUICKBOOT_POWERON" />
217-->[:awesome_notifications] AndroidManifest.xml:30:17-82
217-->[:awesome_notifications] AndroidManifest.xml:30:25-79
218            </intent-filter>
219        </receiver>
220
221        <activity
221-->[com.stripe:paymentsheet:20.12.0] AndroidManifest.xml:10:9-13:69
222            android:name="com.stripe.android.paymentsheet.PaymentSheetActivity"
222-->[com.stripe:paymentsheet:20.12.0] AndroidManifest.xml:11:13-80
223            android:exported="false"
223-->[com.stripe:paymentsheet:20.12.0] AndroidManifest.xml:12:13-37
224            android:theme="@style/StripePaymentSheetDefaultTheme" />
224-->[com.stripe:paymentsheet:20.12.0] AndroidManifest.xml:13:13-66
225        <activity
225-->[com.stripe:paymentsheet:20.12.0] AndroidManifest.xml:14:9-17:69
226            android:name="com.stripe.android.paymentsheet.PaymentOptionsActivity"
226-->[com.stripe:paymentsheet:20.12.0] AndroidManifest.xml:15:13-82
227            android:exported="false"
227-->[com.stripe:paymentsheet:20.12.0] AndroidManifest.xml:16:13-37
228            android:theme="@style/StripePaymentSheetDefaultTheme" />
228-->[com.stripe:paymentsheet:20.12.0] AndroidManifest.xml:17:13-66
229        <activity
229-->[com.stripe:paymentsheet:20.12.0] AndroidManifest.xml:18:9-21:69
230            android:name="com.stripe.android.paymentsheet.addresselement.AddressElementActivity"
230-->[com.stripe:paymentsheet:20.12.0] AndroidManifest.xml:19:13-97
231            android:exported="false"
231-->[com.stripe:paymentsheet:20.12.0] AndroidManifest.xml:20:13-37
232            android:theme="@style/StripePaymentSheetDefaultTheme" />
232-->[com.stripe:paymentsheet:20.12.0] AndroidManifest.xml:21:13-66
233        <activity
233-->[com.stripe:link:20.12.0] AndroidManifest.xml:10:9-14:52
234            android:name="com.stripe.android.link.LinkActivity"
234-->[com.stripe:link:20.12.0] AndroidManifest.xml:11:13-64
235            android:exported="false"
235-->[com.stripe:link:20.12.0] AndroidManifest.xml:12:13-37
236            android:label="@string/link"
236-->[com.stripe:link:20.12.0] AndroidManifest.xml:13:13-41
237            android:theme="@style/LinkBaseTheme" />
237-->[com.stripe:link:20.12.0] AndroidManifest.xml:14:13-49
238        <activity
238-->[com.stripe:financial-connections:20.12.0] AndroidManifest.xml:23:9-42:20
239            android:name="com.stripe.android.financialconnections.FinancialConnectionsSheetRedirectActivity"
239-->[com.stripe:financial-connections:20.12.0] AndroidManifest.xml:24:13-109
240            android:exported="true" >
240-->[com.stripe:financial-connections:20.12.0] AndroidManifest.xml:25:13-36
241            <intent-filter>
241-->[com.stripe:financial-connections:20.12.0] AndroidManifest.xml:26:13-41:29
242                <action android:name="android.intent.action.VIEW" />
242-->[com.stripe:financial-connections:20.12.0] AndroidManifest.xml:16:13-65
242-->[com.stripe:financial-connections:20.12.0] AndroidManifest.xml:16:21-62
243
244                <category android:name="android.intent.category.DEFAULT" />
244-->[:awesome_notifications] AndroidManifest.xml:24:17-76
244-->[:awesome_notifications] AndroidManifest.xml:24:27-73
245                <category android:name="android.intent.category.BROWSABLE" />
245-->[com.stripe:financial-connections:20.12.0] AndroidManifest.xml:30:17-78
245-->[com.stripe:financial-connections:20.12.0] AndroidManifest.xml:30:27-75
246
247                <!-- Accepts success and cancel URIs that begin with "stripe-auth://link-accounts” -->
248                <data
248-->[com.stripe:financial-connections:20.12.0] AndroidManifest.xml:18:13-43
249                    android:host="link-accounts"
250                    android:path="/com.example.sprint/success"
251                    android:scheme="stripe-auth" />
251-->[com.stripe:financial-connections:20.12.0] AndroidManifest.xml:18:19-40
252                <data
252-->[com.stripe:financial-connections:20.12.0] AndroidManifest.xml:18:13-43
253                    android:host="link-accounts"
254                    android:path="/com.example.sprint/cancel"
255                    android:scheme="stripe-auth" />
255-->[com.stripe:financial-connections:20.12.0] AndroidManifest.xml:18:19-40
256            </intent-filter>
257        </activity>
258        <activity
258-->[com.stripe:financial-connections:20.12.0] AndroidManifest.xml:43:9-46:57
259            android:name="com.stripe.android.financialconnections.FinancialConnectionsSheetActivity"
259-->[com.stripe:financial-connections:20.12.0] AndroidManifest.xml:44:13-101
260            android:exported="false"
260-->[com.stripe:financial-connections:20.12.0] AndroidManifest.xml:45:13-37
261            android:theme="@style/StripeDefaultTheme" />
261-->[com.stripe:financial-connections:20.12.0] AndroidManifest.xml:46:13-54
262
263        <provider
263-->[com.stripe:financial-connections:20.12.0] AndroidManifest.xml:48:9-52:43
264            android:name="com.stripe.android.financialconnections.appinitializer.FinancialConnectionsInitializer"
264-->[com.stripe:financial-connections:20.12.0] AndroidManifest.xml:49:13-114
265            android:authorities="com.example.sprint.financialconnections-init"